# JRE version: OpenJDK Runtime Environment (8.0_242-b01) (build 1.8.0_242-release-1644-b01)
# Java VM: OpenJDK 64-Bit Server VM (25.242-b01 mixed mode windows-amd64 compressed oops)
Heap:
 PSYoungGen      total 567296K, used 169026K [0x00000000d5580000, 0x0000000100000000, 0x0000000100000000)
  eden space 435712K, 8% used [0x00000000d5580000,0x00000000d7a15088,0x00000000eff00000)
  from space 131584K, 99% used [0x00000000eff00000,0x00000000f7f7b8b8,0x00000000f7f80000)
  to   space 131584K, 0% used [0x00000000f7f80000,0x00000000f7f80000,0x0000000100000000)
 ParOldGen       total 424448K, used 339933K [0x0000000080000000, 0x0000000099e80000, 0x00000000d5580000)
  object space 424448K, 80% used [0x0000000080000000,0x0000000094bf7520,0x0000000099e80000)
 Metaspace       used 167759K, capacity 179002K, committed 179148K, reserved 1204224K
  class space    used 21189K, capacity 23441K, committed 23552K, reserved 1048576K
GC Heap History (10 events):
Event: 1941.145 GC heap before
{Heap before GC invocations=66 (full 7):
 PSYoungGen      total 611840K, used 582968K [0x00000000d5580000, 0x00000000ff980000, 0x0000000100000000)
  eden space 541696K, 100% used [0x00000000d5580000,0x00000000f6680000,0x00000000f6680000)
  from space 70144K, 58% used [0x00000000fb500000,0x00000000fdd4e148,0x00000000ff980000)
  to   space 75264K, 0% used [0x00000000f6680000,0x00000000f6680000,0x00000000fb000000)
 ParOldGen       total 424448K, used 183267K [0x0000000080000000, 0x0000000099e80000, 0x00000000d5580000)
  object space 424448K, 43% used [0x0000000080000000,0x000000008b2f8db8,0x0000000099e80000)
 Metaspace       used 163771K, capacity 174256K, committed 174540K, reserved 1200128K
  class space    used 20889K, capacity 22964K, committed 23040K, reserved 1048576K
Event: 1941.195 GC heap after
Heap after GC invocations=66 (full 7):
 PSYoungGen      total 616960K, used 36252K [0x00000000d5580000, 0x00000000fff00000, 0x0000000100000000)
  eden space 541696K, 0% used [0x00000000d5580000,0x00000000d5580000,0x00000000f6680000)
  from space 75264K, 48% used [0x00000000f6680000,0x00000000f89e70f8,0x00000000fb000000)
  to   space 72192K, 0% used [0x00000000fb880000,0x00000000fb880000,0x00000000fff00000)
 ParOldGen       total 424448K, used 183275K [0x0000000080000000, 0x0000000099e80000, 0x00000000d5580000)
  object space 424448K, 43% used [0x0000000080000000,0x000000008b2fadb8,0x0000000099e80000)
 Metaspace       used 163771K, capacity 174256K, committed 174540K, reserved 1200128K
  class space    used 20889K, capacity 22964K, committed 23040K, reserved 1048576K
}
Event: 2377.336 GC heap before
{Heap before GC invocations=67 (full 7):
 PSYoungGen      total 616960K, used 577948K [0x00000000d5580000, 0x00000000fff00000, 0x0000000100000000)
  eden space 541696K, 100% used [0x00000000d5580000,0x00000000f6680000,0x00000000f6680000)
  from space 75264K, 48% used [0x00000000f6680000,0x00000000f89e70f8,0x00000000fb000000)
  to   space 72192K, 0% used [0x00000000fb880000,0x00000000fb880000,0x00000000fff00000)
 ParOldGen       total 424448K, used 183275K [0x0000000080000000, 0x0000000099e80000, 0x00000000d5580000)
  object space 424448K, 43% used [0x0000000080000000,0x000000008b2fadb8,0x0000000099e80000)
 Metaspace       used 164616K, capacity 175614K, committed 175692K, reserved 1202176K
  class space    used 20985K, capacity 23162K, committed 23168K, reserved 1048576K
Event: 2377.435 GC heap after
Heap after GC invocations=67 (full 7):
 PSYoungGen      total 611328K, used 65575K [0x00000000d5580000, 0x0000000100000000, 0x0000000100000000)
  eden space 539136K, 0% used [0x00000000d5580000,0x00000000d5580000,0x00000000f6400000)
  from space 72192K, 90% used [0x00000000fb880000,0x00000000ff889d48,0x00000000fff00000)
  to   space 79872K, 0% used [0x00000000f6400000,0x00000000f6400000,0x00000000fb200000)
 ParOldGen       total 424448K, used 183275K [0x0000000080000000, 0x0000000099e80000, 0x00000000d5580000)
  object space 424448K, 43% used [0x0000000080000000,0x000000008b2fadb8,0x0000000099e80000)
 Metaspace       used 164616K, capacity 175614K, committed 175692K, reserved 1202176K
  class space    used 20985K, capacity 23162K, committed 23168K, reserved 1048576K
}
Event: 2483.978 GC heap before
{Heap before GC invocations=68 (full 7):
 PSYoungGen      total 611328K, used 604711K [0x00000000d5580000, 0x0000000100000000, 0x0000000100000000)
  eden space 539136K, 100% used [0x00000000d5580000,0x00000000f6400000,0x00000000f6400000)
  from space 72192K, 90% used [0x00000000fb880000,0x00000000ff889d48,0x00000000fff00000)
  to   space 79872K, 0% used [0x00000000f6400000,0x00000000f6400000,0x00000000fb200000)
 ParOldGen       total 424448K, used 183275K [0x0000000080000000, 0x0000000099e80000, 0x00000000d5580000)
  object space 424448K, 43% used [0x0000000080000000,0x000000008b2fadb8,0x0000000099e80000)
 Metaspace       used 165016K, capacity 176040K, committed 176332K, reserved 1202176K
  class space    used 21019K, capacity 23212K, committed 23296K, reserved 1048576K
Event: 2484.792 GC heap after
Heap after GC invocations=68 (full 7):
 PSYoungGen      total 619008K, used 79850K [0x00000000d5580000, 0x0000000100000000, 0x0000000100000000)
  eden space 539136K, 0% used [0x00000000d5580000,0x00000000d5580000,0x00000000f6400000)
  from space 79872K, 99% used [0x00000000f6400000,0x00000000fb1fa9a0,0x00000000fb200000)
  to   space 79872K, 0% used [0x00000000fb200000,0x00000000fb200000,0x0000000100000000)
 ParOldGen       total 424448K, used 219313K [0x0000000080000000, 0x0000000099e80000, 0x00000000d5580000)
  object space 424448K, 51% used [0x0000000080000000,0x000000008d62c520,0x0000000099e80000)
 Metaspace       used 165016K, capacity 176040K, committed 176332K, reserved 1202176K
  class space    used 21019K, capacity 23212K, committed 23296K, reserved 1048576K
}
Event: 2501.469 GC heap before
{Heap before GC invocations=69 (full 7):
 PSYoungGen      total 619008K, used 618986K [0x00000000d5580000, 0x0000000100000000, 0x0000000100000000)
  eden space 539136K, 100% used [0x00000000d5580000,0x00000000f6400000,0x00000000f6400000)
  from space 79872K, 99% used [0x00000000f6400000,0x00000000fb1fa9a0,0x00000000fb200000)
  to   space 79872K, 0% used [0x00000000fb200000,0x00000000fb200000,0x0000000100000000)
 ParOldGen       total 424448K, used 219313K [0x0000000080000000, 0x0000000099e80000, 0x00000000d5580000)
  object space 424448K, 51% used [0x0000000080000000,0x000000008d62c520,0x0000000099e80000)
 Metaspace       used 165943K, capacity 177130K, committed 177228K, reserved 1204224K
  class space    used 21076K, capacity 23327K, committed 23424K, reserved 1048576K
Event: 2501.788 GC heap after
Heap after GC invocations=69 (full 7):
 PSYoungGen      total 515584K, used 79868K [0x00000000d5580000, 0x0000000100000000, 0x0000000100000000)
  eden space 435712K, 0% used [0x00000000d5580000,0x00000000d5580000,0x00000000eff00000)
  from space 79872K, 99% used [0x00000000fb200000,0x00000000fffff3a0,0x0000000100000000)
  to   space 131584K, 0% used [0x00000000eff00000,0x00000000eff00000,0x00000000f7f80000)
 ParOldGen       total 424448K, used 273947K [0x0000000080000000, 0x0000000099e80000, 0x00000000d5580000)
  object space 424448K, 64% used [0x0000000080000000,0x0000000090b86e20,0x0000000099e80000)
 Metaspace       used 165943K, capacity 177130K, committed 177228K, reserved 1204224K
  class space    used 21076K, capacity 23327K, committed 23424K, reserved 1048576K
}
Event: 2505.855 GC heap before
{Heap before GC invocations=70 (full 7):
 PSYoungGen      total 515584K, used 515580K [0x00000000d5580000, 0x0000000100000000, 0x0000000100000000)
  eden space 435712K, 100% used [0x00000000d5580000,0x00000000eff00000,0x00000000eff00000)
  from space 79872K, 99% used [0x00000000fb200000,0x00000000fffff3a0,0x0000000100000000)
  to   space 131584K, 0% used [0x00000000eff00000,0x00000000eff00000,0x00000000f7f80000)
 ParOldGen       total 424448K, used 273947K [0x0000000080000000, 0x0000000099e80000, 0x00000000d5580000)
  object space 424448K, 64% used [0x0000000080000000,0x0000000090b86e20,0x0000000099e80000)
 Metaspace       used 167759K, capacity 178938K, committed 179148K, reserved 1204224K
  class space    used 21189K, capacity 23441K, committed 23552K, reserved 1048576K
Event: 2507.317 GC heap after
Heap after GC invocations=70 (full 7):
 PSYoungGen      total 567296K, used 131566K [0x00000000d5580000, 0x0000000100000000, 0x0000000100000000)
  eden space 435712K, 0% used [0x00000000d5580000,0x00000000d5580000,0x00000000eff00000)
  from space 131584K, 99% used [0x00000000eff00000,0x00000000f7f7b8b8,0x00000000f7f80000)
  to   space 131584K, 0% used [0x00000000f7f80000,0x00000000f7f80000,0x0000000100000000)
 ParOldGen       total 424448K, used 339933K [0x0000000080000000, 0x0000000099e80000, 0x00000000d5580000)
  object space 424448K, 80% used [0x0000000080000000,0x0000000094bf7520,0x0000000099e80000)
 Metaspace       used 167759K, capacity 178938K, committed 179148K, reserved 1204224K
  class space    used 21189K, capacity 23441K, committed 23552K, reserved 1048576K
}

